<?xml version="1.0" encoding="UTF-8"?>
<!-- Generated by org.testng.reporters.JUnitReportReporter -->
<testsuite hostname="LAPTOP-0GH4P4F4" failures="0" tests="1" name="com.bitm.HWofMavenPROJECT.Test.AssignLeaveTest" time="2.642" errors="0" timestamp="2021-01-02T17:48:44 BDT" skipped="0">
  <testcase classname="com.bitm.HWofMavenPROJECT.Test.AssignLeaveTest" name="assignleavetest" time="2.642"/>
  <system-out/>
</testsuite> <!-- com.bitm.HWofMavenPROJECT.Test.AssignLeaveTest -->
