<?xml version="1.0" encoding="UTF-8"?>
<!-- Generated by org.testng.reporters.JUnitReportReporter -->
<testsuite hostname="LAPTOP-0GH4P4F4" failures="0" tests="2" name="com.bitm.HWofMavenPROJECT.Test.LoginHROrangeTest" time="12.412" errors="0" timestamp="2021-01-02T17:48:44 BDT" skipped="0">
  <testcase classname="com.bitm.HWofMavenPROJECT.Test.LoginHROrangeTest" name="homepagetitleverify" time="8.053"/>
  <system-out/>
  <testcase classname="com.bitm.HWofMavenPROJECT.Test.LoginHROrangeTest" name="logintest" time="4.359"/>
  <system-out/>
</testsuite> <!-- com.bitm.HWofMavenPROJECT.Test.LoginHROrangeTest -->
